{
"/Users/sf/Desktop/code/habemus/lib/h-builder-html5/server/index.js":{"path":"/Users/sf/Desktop/code/habemus/lib/h-builder-html5/server/index.js","s":{"1":1,"2":1,"3":1,"4":1,"5":1,"6":1,"7":1,"8":1,"9":1},"b":{},"f":{"1":1},"fnMap":{"1":{"name":"HBuilderHTML5Server","line":15,"loc":{"start":{"line":15,"column":0},"end":{"line":15,"column":38}}}},"statementMap":{"1":{"start":{"line":2,"column":0},"end":{"line":2,"column":29}},"2":{"start":{"line":5,"column":0},"end":{"line":5,"column":51}},"3":{"start":{"line":8,"column":0},"end":{"line":8,"column":49}},"4":{"start":{"line":15,"column":0},"end":{"line":17,"column":1}},"5":{"start":{"line":16,"column":2},"end":{"line":16,"column":37}},"6":{"start":{"line":18,"column":0},"end":{"line":18,"column":51}},"7":{"start":{"line":28,"column":0},"end":{"line":28,"column":66}},"8":{"start":{"line":35,"column":0},"end":{"line":35,"column":61}},"9":{"start":{"line":37,"column":0},"end":{"line":37,"column":37}}},"branchMap":{},"l":{"2":1,"5":1,"8":1,"15":1,"16":1,"18":1,"28":1,"35":1,"37":1}},
"/Users/sf/Desktop/code/habemus/lib/h-builder-html5/shared/constants.js":{"path":"/Users/sf/Desktop/code/habemus/lib/h-builder-html5/shared/constants.js","s":{"1":1},"b":{},"f":{},"fnMap":{},"statementMap":{"1":{"start":{"line":5,"column":0},"end":{"line":5,"column":34}}},"branchMap":{},"l":{"5":1}},
"/Users/sf/Desktop/code/habemus/lib/h-builder-html5/server/builder-fn/index.js":{"path":"/Users/sf/Desktop/code/habemus/lib/h-builder-html5/server/builder-fn/index.js","s":{"1":1,"2":1,"3":1,"4":1,"5":1,"6":1,"7":1,"8":1,"9":1,"10":1,"11":1,"12":1,"13":1,"14":1,"15":1,"16":1},"b":{},"f":{"1":1},"fnMap":{"1":{"name":"buildHTML5","line":15,"loc":{"start":{"line":15,"column":0},"end":{"line":15,"column":42}}}},"statementMap":{"1":{"start":{"line":2,"column":0},"end":{"line":2,"column":37}},"2":{"start":{"line":5,"column":0},"end":{"line":5,"column":42}},"3":{"start":{"line":6,"column":0},"end":{"line":6,"column":43}},"4":{"start":{"line":7,"column":0},"end":{"line":7,"column":46}},"5":{"start":{"line":10,"column":0},"end":{"line":10,"column":52}},"6":{"start":{"line":13,"column":0},"end":{"line":13,"column":51}},"7":{"start":{"line":15,"column":0},"end":{"line":36,"column":1}},"8":{"start":{"line":17,"column":2},"end":{"line":17,"column":59}},"9":{"start":{"line":18,"column":2},"end":{"line":18,"column":24}},"10":{"start":{"line":20,"column":2},"end":{"line":34,"column":5}},"11":{"start":{"line":27,"column":4},"end":{"line":27,"column":43}},"12":{"start":{"line":29,"column":4},"end":{"line":29,"column":38}},"13":{"start":{"line":30,"column":4},"end":{"line":30,"column":38}},"14":{"start":{"line":31,"column":4},"end":{"line":31,"column":38}},"15":{"start":{"line":33,"column":4},"end":{"line":33,"column":25}},"16":{"start":{"line":38,"column":0},"end":{"line":38,"column":28}}},"branchMap":{},"l":{"2":1,"5":1,"6":1,"7":1,"10":1,"13":1,"15":1,"17":1,"18":1,"20":1,"27":1,"29":1,"30":1,"31":1,"33":1,"38":1}},
"/Users/sf/Desktop/code/habemus/lib/h-builder-html5/server/builder-fn/build-js.js":{"path":"/Users/sf/Desktop/code/habemus/lib/h-builder-html5/server/builder-fn/build-js.js","s":{"1":1,"2":1,"3":1,"4":1,"5":1,"6":1,"7":1,"8":1,"9":1,"10":1,"11":1,"12":1,"13":0,"14":1,"15":1},"b":{},"f":{"1":1,"2":0},"fnMap":{"1":{"name":"buildJS","line":13,"loc":{"start":{"line":13,"column":0},"end":{"line":13,"column":39}}},"2":{"name":"(anonymous_2)","line":22,"loc":{"start":{"line":22,"column":22},"end":{"line":22,"column":37}}}},"statementMap":{"1":{"start":{"line":2,"column":0},"end":{"line":2,"column":37}},"2":{"start":{"line":3,"column":0},"end":{"line":3,"column":43}},"3":{"start":{"line":4,"column":0},"end":{"line":4,"column":47}},"4":{"start":{"line":5,"column":0},"end":{"line":5,"column":42}},"5":{"start":{"line":8,"column":0},"end":{"line":8,"column":52}},"6":{"start":{"line":11,"column":0},"end":{"line":11,"column":51}},"7":{"start":{"line":13,"column":0},"end":{"line":34,"column":1}},"8":{"start":{"line":15,"column":2},"end":{"line":15,"column":60}},"9":{"start":{"line":16,"column":2},"end":{"line":16,"column":17}},"10":{"start":{"line":18,"column":2},"end":{"line":32,"column":5}},"11":{"start":{"line":19,"column":4},"end":{"line":19,"column":30}},"12":{"start":{"line":20,"column":4},"end":{"line":31,"column":9}},"13":{"start":{"line":23,"column":10},"end":{"line":23,"column":28}},"14":{"start":{"line":30,"column":8},"end":{"line":30,"column":33}},"15":{"start":{"line":36,"column":0},"end":{"line":36,"column":25}}},"branchMap":{},"l":{"2":1,"3":1,"4":1,"5":1,"8":1,"11":1,"13":1,"15":1,"16":1,"18":1,"19":1,"20":1,"23":0,"30":1,"36":1}},
"/Users/sf/Desktop/code/habemus/lib/h-builder-html5/server/lib/build-report.js":{"path":"/Users/sf/Desktop/code/habemus/lib/h-builder-html5/server/lib/build-report.js","s":{"1":1,"2":4,"3":1,"4":16,"5":4,"6":12,"7":8,"8":4,"9":0,"10":1,"11":4,"12":4,"13":0,"14":4,"15":4,"16":1,"17":4,"18":4,"19":0,"20":4,"21":4,"22":1,"23":8,"24":8,"25":8,"26":4,"27":4,"28":4,"29":4,"30":4,"31":4,"32":8,"33":1,"34":0,"35":1},"b":{"1":[4,12],"2":[8,4],"3":[0,4],"4":[0,4],"5":[4,4],"6":[4,0]},"f":{"1":4,"2":16,"3":0,"4":4,"5":4,"6":8,"7":0},"fnMap":{"1":{"name":"BuildReport","line":9,"loc":{"start":{"line":9,"column":0},"end":{"line":9,"column":28}}},"2":{"name":"(anonymous_2)","line":20,"loc":{"start":{"line":20,"column":7},"end":{"line":20,"column":19}}},"3":{"name":"(anonymous_3)","line":32,"loc":{"start":{"line":32,"column":7},"end":{"line":32,"column":19}}},"4":{"name":"(anonymous_4)","line":41,"loc":{"start":{"line":41,"column":30},"end":{"line":41,"column":42}}},"5":{"name":"(anonymous_5)","line":57,"loc":{"start":{"line":57,"column":31},"end":{"line":57,"column":43}}},"6":{"name":"(anonymous_6)","line":74,"loc":{"start":{"line":74,"column":32},"end":{"line":74,"column":44}}},"7":{"name":"(anonymous_7)","line":103,"loc":{"start":{"line":103,"column":31},"end":{"line":103,"column":43}}}},"statementMap":{"1":{"start":{"line":9,"column":0},"end":{"line":11,"column":1}},"2":{"start":{"line":10,"column":2},"end":{"line":10,"column":21}},"3":{"start":{"line":19,"column":0},"end":{"line":35,"column":3}},"4":{"start":{"line":22,"column":4},"end":{"line":30,"column":5}},"5":{"start":{"line":23,"column":6},"end":{"line":23,"column":24}},"6":{"start":{"line":25,"column":6},"end":{"line":29,"column":7}},"7":{"start":{"line":26,"column":8},"end":{"line":26,"column":25}},"8":{"start":{"line":28,"column":8},"end":{"line":28,"column":29}},"9":{"start":{"line":33,"column":4},"end":{"line":33,"column":31}},"10":{"start":{"line":41,"column":0},"end":{"line":51,"column":2}},"11":{"start":{"line":42,"column":2},"end":{"line":42,"column":27}},"12":{"start":{"line":44,"column":2},"end":{"line":46,"column":3}},"13":{"start":{"line":45,"column":4},"end":{"line":45,"column":52}},"14":{"start":{"line":48,"column":2},"end":{"line":48,"column":30}},"15":{"start":{"line":50,"column":2},"end":{"line":50,"column":24}},"16":{"start":{"line":57,"column":0},"end":{"line":67,"column":2}},"17":{"start":{"line":58,"column":2},"end":{"line":58,"column":27}},"18":{"start":{"line":60,"column":2},"end":{"line":62,"column":3}},"19":{"start":{"line":61,"column":4},"end":{"line":61,"column":52}},"20":{"start":{"line":64,"column":2},"end":{"line":64,"column":31}},"21":{"start":{"line":66,"column":2},"end":{"line":66,"column":24}},"22":{"start":{"line":74,"column":0},"end":{"line":97,"column":2}},"23":{"start":{"line":76,"column":2},"end":{"line":76,"column":27}},"24":{"start":{"line":78,"column":2},"end":{"line":81,"column":4}},"25":{"start":{"line":83,"column":2},"end":{"line":94,"column":3}},"26":{"start":{"line":85,"column":4},"end":{"line":85,"column":54}},"27":{"start":{"line":86,"column":4},"end":{"line":86,"column":38}},"28":{"start":{"line":87,"column":4},"end":{"line":87,"column":40}},"29":{"start":{"line":89,"column":9},"end":{"line":94,"column":3}},"30":{"start":{"line":91,"column":4},"end":{"line":91,"column":49}},"31":{"start":{"line":92,"column":4},"end":{"line":92,"column":38}},"32":{"start":{"line":96,"column":2},"end":{"line":96,"column":15}},"33":{"start":{"line":103,"column":0},"end":{"line":105,"column":2}},"34":{"start":{"line":104,"column":2},"end":{"line":104,"column":24}},"35":{"start":{"line":107,"column":0},"end":{"line":107,"column":29}}},"branchMap":{"1":{"line":22,"type":"if","locations":[{"start":{"line":22,"column":4},"end":{"line":22,"column":4}},{"start":{"line":22,"column":4},"end":{"line":22,"column":4}}]},"2":{"line":25,"type":"if","locations":[{"start":{"line":25,"column":6},"end":{"line":25,"column":6}},{"start":{"line":25,"column":6},"end":{"line":25,"column":6}}]},"3":{"line":44,"type":"if","locations":[{"start":{"line":44,"column":2},"end":{"line":44,"column":2}},{"start":{"line":44,"column":2},"end":{"line":44,"column":2}}]},"4":{"line":60,"type":"if","locations":[{"start":{"line":60,"column":2},"end":{"line":60,"column":2}},{"start":{"line":60,"column":2},"end":{"line":60,"column":2}}]},"5":{"line":83,"type":"if","locations":[{"start":{"line":83,"column":2},"end":{"line":83,"column":2}},{"start":{"line":83,"column":2},"end":{"line":83,"column":2}}]},"6":{"line":89,"type":"if","locations":[{"start":{"line":89,"column":9},"end":{"line":89,"column":9}},{"start":{"line":89,"column":9},"end":{"line":89,"column":9}}]}},"l":{"9":1,"10":4,"19":1,"22":16,"23":4,"25":12,"26":8,"28":4,"33":0,"41":1,"42":4,"44":4,"45":0,"48":4,"50":4,"57":1,"58":4,"60":4,"61":0,"64":4,"66":4,"74":1,"76":8,"78":8,"83":8,"85":4,"86":4,"87":4,"89":4,"91":4,"92":4,"96":8,"103":1,"104":0,"107":1}},
"/Users/sf/Desktop/code/habemus/lib/h-builder-html5/server/builder-fn/build-css.js":{"path":"/Users/sf/Desktop/code/habemus/lib/h-builder-html5/server/builder-fn/build-css.js","s":{"1":1,"2":1,"3":1,"4":1,"5":1,"6":1,"7":1,"8":1,"9":1,"10":1,"11":1,"12":1,"13":1,"14":0,"15":1,"16":1},"b":{},"f":{"1":1,"2":0},"fnMap":{"1":{"name":"buildCSS","line":30,"loc":{"start":{"line":30,"column":0},"end":{"line":30,"column":40}}},"2":{"name":"(anonymous_2)","line":40,"loc":{"start":{"line":40,"column":22},"end":{"line":40,"column":37}}}},"statementMap":{"1":{"start":{"line":2,"column":0},"end":{"line":2,"column":37}},"2":{"start":{"line":3,"column":0},"end":{"line":3,"column":45}},"3":{"start":{"line":4,"column":0},"end":{"line":4,"column":50}},"4":{"start":{"line":5,"column":0},"end":{"line":5,"column":47}},"5":{"start":{"line":8,"column":0},"end":{"line":8,"column":52}},"6":{"start":{"line":11,"column":0},"end":{"line":11,"column":51}},"7":{"start":{"line":14,"column":0},"end":{"line":27,"column":2}},"8":{"start":{"line":30,"column":0},"end":{"line":52,"column":1}},"9":{"start":{"line":32,"column":2},"end":{"line":32,"column":61}},"10":{"start":{"line":33,"column":2},"end":{"line":33,"column":17}},"11":{"start":{"line":35,"column":2},"end":{"line":50,"column":5}},"12":{"start":{"line":37,"column":4},"end":{"line":37,"column":32}},"13":{"start":{"line":38,"column":4},"end":{"line":49,"column":9}},"14":{"start":{"line":41,"column":10},"end":{"line":41,"column":28}},"15":{"start":{"line":48,"column":8},"end":{"line":48,"column":33}},"16":{"start":{"line":54,"column":0},"end":{"line":54,"column":26}}},"branchMap":{},"l":{"2":1,"3":1,"4":1,"5":1,"8":1,"11":1,"14":1,"30":1,"32":1,"33":1,"35":1,"37":1,"38":1,"41":0,"48":1,"54":1}},
"/Users/sf/Desktop/code/habemus/lib/h-builder-html5/server/builder-fn/build-images.js":{"path":"/Users/sf/Desktop/code/habemus/lib/h-builder-html5/server/builder-fn/build-images.js","s":{"1":1,"2":1,"3":1,"4":1,"5":1,"6":1,"7":1,"8":1,"9":1,"10":1,"11":1,"12":0,"13":1,"14":1},"b":{},"f":{"1":1,"2":0},"fnMap":{"1":{"name":"buildImages","line":12,"loc":{"start":{"line":12,"column":0},"end":{"line":12,"column":43}}},"2":{"name":"(anonymous_2)","line":27,"loc":{"start":{"line":27,"column":22},"end":{"line":27,"column":37}}}},"statementMap":{"1":{"start":{"line":2,"column":0},"end":{"line":2,"column":37}},"2":{"start":{"line":3,"column":0},"end":{"line":3,"column":41}},"3":{"start":{"line":4,"column":0},"end":{"line":4,"column":42}},"4":{"start":{"line":7,"column":0},"end":{"line":7,"column":52}},"5":{"start":{"line":10,"column":0},"end":{"line":10,"column":51}},"6":{"start":{"line":12,"column":0},"end":{"line":38,"column":1}},"7":{"start":{"line":14,"column":2},"end":{"line":14,"column":64}},"8":{"start":{"line":15,"column":2},"end":{"line":15,"column":17}},"9":{"start":{"line":17,"column":2},"end":{"line":36,"column":5}},"10":{"start":{"line":19,"column":4},"end":{"line":24,"column":6}},"11":{"start":{"line":25,"column":4},"end":{"line":35,"column":9}},"12":{"start":{"line":28,"column":10},"end":{"line":28,"column":28}},"13":{"start":{"line":34,"column":8},"end":{"line":34,"column":33}},"14":{"start":{"line":40,"column":0},"end":{"line":40,"column":29}}},"branchMap":{},"l":{"2":1,"3":1,"4":1,"7":1,"10":1,"12":1,"14":1,"15":1,"17":1,"19":1,"25":1,"28":0,"34":1,"40":1}}}
