TN:
SF:/Users/sf/Desktop/code/habemus/lib/h-builder-html5/server/index.js
FN:15,HBuilderHTML5Server
FNF:1
FNH:1
FNDA:1,HBuilderHTML5Server
DA:2,1
DA:5,1
DA:8,1
DA:15,1
DA:16,1
DA:18,1
DA:28,1
DA:35,1
DA:37,1
LF:9
LH:9
BRF:0
BRH:0
end_of_record
TN:
SF:/Users/sf/Desktop/code/habemus/lib/h-builder-html5/shared/constants.js
FNF:0
FNH:0
DA:5,1
LF:1
LH:1
BRF:0
BRH:0
end_of_record
TN:
SF:/Users/sf/Desktop/code/habemus/lib/h-builder-html5/server/builder-fn/index.js
FN:15,buildHTML5
FNF:1
FNH:1
FNDA:1,buildHTML5
DA:2,1
DA:5,1
DA:6,1
DA:7,1
DA:10,1
DA:13,1
DA:15,1
DA:17,1
DA:18,1
DA:20,1
DA:27,1
DA:29,1
DA:30,1
DA:31,1
DA:33,1
DA:38,1
LF:16
LH:16
BRF:0
BRH:0
end_of_record
TN:
SF:/Users/sf/Desktop/code/habemus/lib/h-builder-html5/server/builder-fn/build-js.js
FN:13,buildJS
FN:22,(anonymous_2)
FNF:2
FNH:1
FNDA:1,buildJS
FNDA:0,(anonymous_2)
DA:2,1
DA:3,1
DA:4,1
DA:5,1
DA:8,1
DA:11,1
DA:13,1
DA:15,1
DA:16,1
DA:18,1
DA:19,1
DA:20,1
DA:23,0
DA:30,1
DA:36,1
LF:15
LH:14
BRF:0
BRH:0
end_of_record
TN:
SF:/Users/sf/Desktop/code/habemus/lib/h-builder-html5/server/lib/build-report.js
FN:9,BuildReport
FN:20,(anonymous_2)
FN:32,(anonymous_3)
FN:41,(anonymous_4)
FN:57,(anonymous_5)
FN:74,(anonymous_6)
FN:103,(anonymous_7)
FNF:7
FNH:5
FNDA:4,BuildReport
FNDA:16,(anonymous_2)
FNDA:0,(anonymous_3)
FNDA:4,(anonymous_4)
FNDA:4,(anonymous_5)
FNDA:8,(anonymous_6)
FNDA:0,(anonymous_7)
DA:9,1
DA:10,4
DA:19,1
DA:22,16
DA:23,4
DA:25,12
DA:26,8
DA:28,4
DA:33,0
DA:41,1
DA:42,4
DA:44,4
DA:45,0
DA:48,4
DA:50,4
DA:57,1
DA:58,4
DA:60,4
DA:61,0
DA:64,4
DA:66,4
DA:74,1
DA:76,8
DA:78,8
DA:83,8
DA:85,4
DA:86,4
DA:87,4
DA:89,4
DA:91,4
DA:92,4
DA:96,8
DA:103,1
DA:104,0
DA:107,1
LF:35
LH:31
BRDA:22,1,0,4
BRDA:22,1,1,12
BRDA:25,2,0,8
BRDA:25,2,1,4
BRDA:44,3,0,0
BRDA:44,3,1,4
BRDA:60,4,0,0
BRDA:60,4,1,4
BRDA:83,5,0,4
BRDA:83,5,1,4
BRDA:89,6,0,4
BRDA:89,6,1,0
BRF:12
BRH:9
end_of_record
TN:
SF:/Users/sf/Desktop/code/habemus/lib/h-builder-html5/server/builder-fn/build-css.js
FN:30,buildCSS
FN:40,(anonymous_2)
FNF:2
FNH:1
FNDA:1,buildCSS
FNDA:0,(anonymous_2)
DA:2,1
DA:3,1
DA:4,1
DA:5,1
DA:8,1
DA:11,1
DA:14,1
DA:30,1
DA:32,1
DA:33,1
DA:35,1
DA:37,1
DA:38,1
DA:41,0
DA:48,1
DA:54,1
LF:16
LH:15
BRF:0
BRH:0
end_of_record
TN:
SF:/Users/sf/Desktop/code/habemus/lib/h-builder-html5/server/builder-fn/build-images.js
FN:12,buildImages
FN:27,(anonymous_2)
FNF:2
FNH:1
FNDA:1,buildImages
FNDA:0,(anonymous_2)
DA:2,1
DA:3,1
DA:4,1
DA:7,1
DA:10,1
DA:12,1
DA:14,1
DA:15,1
DA:17,1
DA:19,1
DA:25,1
DA:28,0
DA:34,1
DA:40,1
LF:14
LH:13
BRF:0
BRH:0
end_of_record
